<?xml version="1.0" encoding="UTF-8"?>
<!-- Generated by org.testng.reporters.JUnitReportReporter -->
<testsuite name="com.qa.fullStory.tc.Test01" tests="1" time="18.106" ignored="0" failures="0" timestamp="11 Apr 2022 04:43:02 GMT" skipped="0" hostname="DOE-7078076.local" errors="0">
  <testcase name="fS_test1" time="18.106" classname="com.qa.fullStory.tc.Test01"/>
</testsuite> <!-- com.qa.fullStory.tc.Test01 -->
